

Started GET "/rails/info/properties" for 127.0.0.1 at 2011-05-25 23:33:48 -0400

RuntimeError (Please install the mysql2 adapter: `gem install activerecord-mysql2-adapter` (no such file to load -- active_record/connection_adapters/mysql2_adapter)):
  

Rendered /Users/Harris/.rvm/gems/ruby-1.9.2-p0@rails3/gems/actionpack-3.0.7/lib/action_dispatch/middleware/templates/rescues/_trace.erb (0.8ms)
Rendered /Users/Harris/.rvm/gems/ruby-1.9.2-p0@rails3/gems/actionpack-3.0.7/lib/action_dispatch/middleware/templates/rescues/_request_and_response.erb (5.5ms)
Rendered /Users/Harris/.rvm/gems/ruby-1.9.2-p0@rails3/gems/actionpack-3.0.7/lib/action_dispatch/middleware/templates/rescues/diagnostics.erb within rescues/layout (9.7ms)


Started GET "/rails/info/properties" for 127.0.0.1 at 2011-05-25 23:37:57 -0400

RuntimeError (Please install the mysql2 adapter: `gem install activerecord-mysql2-adapter` (no such file to load -- active_record/connection_adapters/mysql2_adapter)):
  

Rendered /Users/Harris/.rvm/gems/ruby-1.9.2-p0@rails3/gems/actionpack-3.0.7/lib/action_dispatch/middleware/templates/rescues/_trace.erb (0.8ms)
Rendered /Users/Harris/.rvm/gems/ruby-1.9.2-p0@rails3/gems/actionpack-3.0.7/lib/action_dispatch/middleware/templates/rescues/_request_and_response.erb (5.0ms)
Rendered /Users/Harris/.rvm/gems/ruby-1.9.2-p0@rails3/gems/actionpack-3.0.7/lib/action_dispatch/middleware/templates/rescues/diagnostics.erb within rescues/layout (8.9ms)


Started GET "/rails/info/properties" for 127.0.0.1 at 2011-05-25 23:40:35 -0400

Mysql2::Error (Access denied for user 'root'@'localhost' (using password: NO)):
  

Rendered /Users/Harris/.rvm/gems/ruby-1.9.2-p0@rails3/gems/actionpack-3.0.7/lib/action_dispatch/middleware/templates/rescues/_trace.erb (0.8ms)
Rendered /Users/Harris/.rvm/gems/ruby-1.9.2-p0@rails3/gems/actionpack-3.0.7/lib/action_dispatch/middleware/templates/rescues/_request_and_response.erb (6.0ms)
Rendered /Users/Harris/.rvm/gems/ruby-1.9.2-p0@rails3/gems/actionpack-3.0.7/lib/action_dispatch/middleware/templates/rescues/diagnostics.erb within rescues/layout (10.0ms)


Started GET "/rails/info/properties" for 127.0.0.1 at 2011-05-25 23:41:29 -0400

Mysql2::Error (Unknown database 'grokpanel_development'):
  

Rendered /Users/Harris/.rvm/gems/ruby-1.9.2-p0@rails3/gems/actionpack-3.0.7/lib/action_dispatch/middleware/templates/rescues/_trace.erb (0.8ms)
Rendered /Users/Harris/.rvm/gems/ruby-1.9.2-p0@rails3/gems/actionpack-3.0.7/lib/action_dispatch/middleware/templates/rescues/_request_and_response.erb (5.1ms)
Rendered /Users/Harris/.rvm/gems/ruby-1.9.2-p0@rails3/gems/actionpack-3.0.7/lib/action_dispatch/middleware/templates/rescues/diagnostics.erb within rescues/layout (8.9ms)
  [1m[36mSQL (0.4ms)[0m  [1mSHOW TABLES[0m
  [1m[35mSQL (75.3ms)[0m  CREATE TABLE `schema_migrations` (`version` varchar(255) NOT NULL) ENGINE=InnoDB
  [1m[36mSQL (0.4ms)[0m  [1mSHOW KEYS FROM `schema_migrations`[0m
  [1m[35mSQL (200.8ms)[0m  CREATE UNIQUE INDEX `unique_schema_migrations` ON `schema_migrations` (`version`)
  [1m[36mSQL (0.2ms)[0m  [1mSHOW TABLES[0m
  [1m[35mSQL (0.4ms)[0m  SHOW TABLES
  [1m[36mSQL (0.1ms)[0m  [1mSHOW TABLES[0m
  [1m[35mSQL (0.1ms)[0m  SELECT `schema_migrations`.`version` FROM `schema_migrations`
  [1m[36mSQL (0.2ms)[0m  [1mSHOW TABLES[0m


Started GET "/rails/info/properties" for 127.0.0.1 at 2011-05-25 23:52:11 -0400
  Processing by Rails::InfoController#properties as 
  [1m[36mSQL (0.4ms)[0m  [1mSHOW TABLES[0m
  [1m[35mSQL (0.2ms)[0m  SHOW TABLES
  [1m[36mSQL (0.2ms)[0m  [1mSELECT `schema_migrations`.`version` FROM `schema_migrations`[0m
Rendered inline template (0.4ms)
Completed 200 OK in 28ms (Views: 1.2ms | ActiveRecord: 0.8ms)


Started GET "/rails/info/properties" for 127.0.0.1 at 2011-05-25 23:52:19 -0400
  Processing by Rails::InfoController#properties as 
Rendered inline template (0.3ms)
Completed 200 OK in 1ms (Views: 0.6ms | ActiveRecord: 0.0ms)
